2018/12/13 16:22:35.824 [I] [asm_amd64.s:2361] http server Running on http://:8080
2018/12/13 16:23:33.635 [I] [asm_amd64.s:2361] http server Running on http://:8080
2018/12/13 16:26:33.221 [I] [asm_amd64.s:2361] http server Running on http://:8080
2018/12/13 16:29:16.362 [I] [asm_amd64.s:2361] http server Running on http://:8080
2018/12/13 16:29:45.200 [I] [asm_amd64.s:2361] http server Running on http://:8080
2018/12/13 16:31:14.547 [I] [asm_amd64.s:2361] http server Running on http://:8080
2018/12/13 16:31:16.058 [C] [asm_amd64.s:573] the request url is  /v1/remoteCmd
2018/12/13 16:31:16.058 [C] [asm_amd64.s:573] Handler crashed with error runtime error: invalid memory address or nil pointer dereference
2018/12/13 16:31:16.058 [C] [asm_amd64.s:573] /usr/local/go/src/runtime/asm_amd64.s:573
2018/12/13 16:31:16.058 [C] [asm_amd64.s:573] /usr/local/go/src/runtime/panic.go:502
2018/12/13 16:31:16.058 [C] [asm_amd64.s:573] /usr/local/go/src/runtime/panic.go:63
2018/12/13 16:31:16.058 [C] [asm_amd64.s:573] /usr/local/go/src/runtime/signal_unix.go:388
2018/12/13 16:31:16.058 [C] [asm_amd64.s:573] /Users/cuihailong/go/src/gatlin/ssh/ssh_exec.go:37
2018/12/13 16:31:16.058 [C] [asm_amd64.s:573] /Users/cuihailong/go/src/gatlin/controllers/remote_cmd.go:20
2018/12/13 16:31:16.058 [C] [asm_amd64.s:573] /Users/cuihailong/go/src/github.com/astaxie/beego/router.go:831
2018/12/13 16:31:16.058 [C] [asm_amd64.s:573] /usr/local/go/src/net/http/server.go:2694
2018/12/13 16:31:16.058 [C] [asm_amd64.s:573] /usr/local/go/src/net/http/server.go:2694
2018/12/13 16:31:16.058 [C] [asm_amd64.s:573] /usr/local/go/src/net/http/server.go:1830
2018/12/13 16:31:16.058 [C] [asm_amd64.s:573] /usr/local/go/src/runtime/asm_amd64.s:2361
2018/12/13 16:31:52.196 [I] [asm_amd64.s:2361] http server Running on http://:8080
2018/12/13 16:31:53.696 [C] [asm_amd64.s:573] the request url is  /v1/remoteCmd
2018/12/13 16:31:53.696 [C] [asm_amd64.s:573] Handler crashed with error runtime error: invalid memory address or nil pointer dereference
2018/12/13 16:31:53.696 [C] [asm_amd64.s:573] /usr/local/go/src/runtime/asm_amd64.s:573
2018/12/13 16:31:53.696 [C] [asm_amd64.s:573] /usr/local/go/src/runtime/panic.go:502
2018/12/13 16:31:53.696 [C] [asm_amd64.s:573] /usr/local/go/src/runtime/panic.go:63
2018/12/13 16:31:53.696 [C] [asm_amd64.s:573] /usr/local/go/src/runtime/signal_unix.go:388
2018/12/13 16:31:53.696 [C] [asm_amd64.s:573] /Users/cuihailong/go/src/gatlin/ssh/ssh_exec.go:37
2018/12/13 16:31:53.696 [C] [asm_amd64.s:573] /Users/cuihailong/go/src/gatlin/controllers/remote_cmd.go:20
2018/12/13 16:31:53.696 [C] [asm_amd64.s:573] /Users/cuihailong/go/src/github.com/astaxie/beego/router.go:831
2018/12/13 16:31:53.696 [C] [asm_amd64.s:573] /usr/local/go/src/net/http/server.go:2694
2018/12/13 16:31:53.696 [C] [asm_amd64.s:573] /usr/local/go/src/net/http/server.go:2694
2018/12/13 16:31:53.696 [C] [asm_amd64.s:573] /usr/local/go/src/net/http/server.go:1830
2018/12/13 16:31:53.696 [C] [asm_amd64.s:573] /usr/local/go/src/runtime/asm_amd64.s:2361
2018/12/13 16:32:21.413 [C] [asm_amd64.s:573] the request url is  /v1/remoteCmd
2018/12/13 16:32:21.413 [C] [asm_amd64.s:573] Handler crashed with error runtime error: invalid memory address or nil pointer dereference
2018/12/13 16:32:21.413 [C] [asm_amd64.s:573] /usr/local/go/src/runtime/asm_amd64.s:573
2018/12/13 16:32:21.413 [C] [asm_amd64.s:573] /usr/local/go/src/runtime/panic.go:502
2018/12/13 16:32:21.413 [C] [asm_amd64.s:573] /usr/local/go/src/runtime/panic.go:63
2018/12/13 16:32:21.413 [C] [asm_amd64.s:573] /usr/local/go/src/runtime/signal_unix.go:388
2018/12/13 16:32:21.413 [C] [asm_amd64.s:573] /Users/cuihailong/go/src/gatlin/ssh/ssh_exec.go:37
2018/12/13 16:32:21.413 [C] [asm_amd64.s:573] /Users/cuihailong/go/src/gatlin/controllers/remote_cmd.go:20
2018/12/13 16:32:21.413 [C] [asm_amd64.s:573] /Users/cuihailong/go/src/github.com/astaxie/beego/router.go:831
2018/12/13 16:32:21.413 [C] [asm_amd64.s:573] /usr/local/go/src/net/http/server.go:2694
2018/12/13 16:32:21.413 [C] [asm_amd64.s:573] /usr/local/go/src/net/http/server.go:2694
2018/12/13 16:32:21.413 [C] [asm_amd64.s:573] /usr/local/go/src/net/http/server.go:1830
2018/12/13 16:32:21.413 [C] [asm_amd64.s:573] /usr/local/go/src/runtime/asm_amd64.s:2361
2018/12/13 16:32:28.252 [I] [asm_amd64.s:2361] http server Running on http://:8080
2018/12/13 16:32:30.040 [C] [asm_amd64.s:573] the request url is  /v1/remoteCmd
2018/12/13 16:32:30.040 [C] [asm_amd64.s:573] Handler crashed with error runtime error: invalid memory address or nil pointer dereference
2018/12/13 16:32:30.040 [C] [asm_amd64.s:573] /usr/local/go/src/runtime/asm_amd64.s:573
2018/12/13 16:32:30.040 [C] [asm_amd64.s:573] /usr/local/go/src/runtime/panic.go:502
2018/12/13 16:32:30.040 [C] [asm_amd64.s:573] /usr/local/go/src/runtime/panic.go:63
2018/12/13 16:32:30.040 [C] [asm_amd64.s:573] /usr/local/go/src/runtime/signal_unix.go:388
2018/12/13 16:32:30.040 [C] [asm_amd64.s:573] /Users/cuihailong/go/src/gatlin/ssh/ssh_exec.go:37
2018/12/13 16:32:30.040 [C] [asm_amd64.s:573] /Users/cuihailong/go/src/gatlin/controllers/remote_cmd.go:20
2018/12/13 16:32:30.040 [C] [asm_amd64.s:573] /Users/cuihailong/go/src/github.com/astaxie/beego/router.go:831
2018/12/13 16:32:30.040 [C] [asm_amd64.s:573] /usr/local/go/src/net/http/server.go:2694
2018/12/13 16:32:30.040 [C] [asm_amd64.s:573] /usr/local/go/src/net/http/server.go:2694
2018/12/13 16:32:30.040 [C] [asm_amd64.s:573] /usr/local/go/src/net/http/server.go:1830
2018/12/13 16:32:30.040 [C] [asm_amd64.s:573] /usr/local/go/src/runtime/asm_amd64.s:2361
2018/12/13 16:32:52.548 [C] [asm_amd64.s:573] the request url is  /v1/remoteCmd
2018/12/13 16:32:52.548 [C] [asm_amd64.s:573] Handler crashed with error runtime error: invalid memory address or nil pointer dereference
2018/12/13 16:32:52.548 [C] [asm_amd64.s:573] /usr/local/go/src/runtime/asm_amd64.s:573
2018/12/13 16:32:52.548 [C] [asm_amd64.s:573] /usr/local/go/src/runtime/panic.go:502
2018/12/13 16:32:52.548 [C] [asm_amd64.s:573] /usr/local/go/src/runtime/panic.go:63
2018/12/13 16:32:52.548 [C] [asm_amd64.s:573] /usr/local/go/src/runtime/signal_unix.go:388
2018/12/13 16:32:52.548 [C] [asm_amd64.s:573] /Users/cuihailong/go/src/gatlin/ssh/ssh_exec.go:37
2018/12/13 16:32:52.548 [C] [asm_amd64.s:573] /Users/cuihailong/go/src/gatlin/controllers/remote_cmd.go:20
2018/12/13 16:32:52.548 [C] [asm_amd64.s:573] /Users/cuihailong/go/src/github.com/astaxie/beego/router.go:831
2018/12/13 16:32:52.548 [C] [asm_amd64.s:573] /usr/local/go/src/net/http/server.go:2694
2018/12/13 16:32:52.548 [C] [asm_amd64.s:573] /usr/local/go/src/net/http/server.go:2694
2018/12/13 16:32:52.548 [C] [asm_amd64.s:573] /usr/local/go/src/net/http/server.go:1830
2018/12/13 16:32:52.548 [C] [asm_amd64.s:573] /usr/local/go/src/runtime/asm_amd64.s:2361
2018/12/13 16:32:57.638 [I] [asm_amd64.s:2361] http server Running on http://:8080
2018/12/13 16:33:00.548 [C] [asm_amd64.s:573] the request url is  /v1/remoteCmd
2018/12/13 16:33:00.548 [C] [asm_amd64.s:573] Handler crashed with error runtime error: invalid memory address or nil pointer dereference
2018/12/13 16:33:00.548 [C] [asm_amd64.s:573] /usr/local/go/src/runtime/asm_amd64.s:573
2018/12/13 16:33:00.548 [C] [asm_amd64.s:573] /usr/local/go/src/runtime/panic.go:502
2018/12/13 16:33:00.548 [C] [asm_amd64.s:573] /usr/local/go/src/runtime/panic.go:63
2018/12/13 16:33:00.548 [C] [asm_amd64.s:573] /usr/local/go/src/runtime/signal_unix.go:388
2018/12/13 16:33:00.548 [C] [asm_amd64.s:573] /Users/cuihailong/go/src/gatlin/ssh/ssh_exec.go:37
2018/12/13 16:33:00.548 [C] [asm_amd64.s:573] /Users/cuihailong/go/src/gatlin/controllers/remote_cmd.go:20
2018/12/13 16:33:00.548 [C] [asm_amd64.s:573] /Users/cuihailong/go/src/github.com/astaxie/beego/router.go:831
2018/12/13 16:33:00.548 [C] [asm_amd64.s:573] /usr/local/go/src/net/http/server.go:2694
2018/12/13 16:33:00.548 [C] [asm_amd64.s:573] /usr/local/go/src/net/http/server.go:2694
2018/12/13 16:33:00.548 [C] [asm_amd64.s:573] /usr/local/go/src/net/http/server.go:1830
2018/12/13 16:33:00.548 [C] [asm_amd64.s:573] /usr/local/go/src/runtime/asm_amd64.s:2361
2018/12/13 16:33:54.680 [I] [asm_amd64.s:2361] http server Running on http://:8080
2018/12/13 16:33:57.252 [C] [asm_amd64.s:573] the request url is  /v1/remoteCmd
2018/12/13 16:33:57.252 [C] [asm_amd64.s:573] Handler crashed with error runtime error: invalid memory address or nil pointer dereference
2018/12/13 16:33:57.252 [C] [asm_amd64.s:573] /usr/local/go/src/runtime/asm_amd64.s:573
2018/12/13 16:33:57.252 [C] [asm_amd64.s:573] /usr/local/go/src/runtime/panic.go:502
2018/12/13 16:33:57.252 [C] [asm_amd64.s:573] /usr/local/go/src/runtime/panic.go:63
2018/12/13 16:33:57.252 [C] [asm_amd64.s:573] /usr/local/go/src/runtime/signal_unix.go:388
2018/12/13 16:33:57.252 [C] [asm_amd64.s:573] /Users/cuihailong/go/src/gatlin/ssh/ssh_exec.go:37
2018/12/13 16:33:57.252 [C] [asm_amd64.s:573] /Users/cuihailong/go/src/gatlin/controllers/remote_cmd.go:20
2018/12/13 16:33:57.252 [C] [asm_amd64.s:573] /Users/cuihailong/go/src/github.com/astaxie/beego/router.go:831
2018/12/13 16:33:57.252 [C] [asm_amd64.s:573] /usr/local/go/src/net/http/server.go:2694
2018/12/13 16:33:57.252 [C] [asm_amd64.s:573] /usr/local/go/src/net/http/server.go:2694
2018/12/13 16:33:57.252 [C] [asm_amd64.s:573] /usr/local/go/src/net/http/server.go:1830
2018/12/13 16:33:57.252 [C] [asm_amd64.s:573] /usr/local/go/src/runtime/asm_amd64.s:2361
2018/12/13 16:34:32.123 [I] [asm_amd64.s:2361] http server Running on http://:8080
2018/12/13 16:34:43.753 [C] [asm_amd64.s:573] the request url is  /v1/remoteCmd
2018/12/13 16:34:43.753 [C] [asm_amd64.s:573] Handler crashed with error runtime error: invalid memory address or nil pointer dereference
2018/12/13 16:34:43.753 [C] [asm_amd64.s:573] /usr/local/go/src/runtime/asm_amd64.s:573
2018/12/13 16:34:43.753 [C] [asm_amd64.s:573] /usr/local/go/src/runtime/panic.go:502
2018/12/13 16:34:43.753 [C] [asm_amd64.s:573] /usr/local/go/src/runtime/panic.go:63
2018/12/13 16:34:43.753 [C] [asm_amd64.s:573] /usr/local/go/src/runtime/signal_unix.go:388
2018/12/13 16:34:43.754 [C] [asm_amd64.s:573] /Users/cuihailong/go/src/gatlin/ssh/ssh_exec.go:37
2018/12/13 16:34:43.754 [C] [asm_amd64.s:573] /Users/cuihailong/go/src/gatlin/controllers/remote_cmd.go:19
2018/12/13 16:34:43.754 [C] [asm_amd64.s:573] /Users/cuihailong/go/src/github.com/astaxie/beego/router.go:831
2018/12/13 16:34:43.754 [C] [asm_amd64.s:573] /usr/local/go/src/net/http/server.go:2694
2018/12/13 16:34:43.754 [C] [asm_amd64.s:573] /usr/local/go/src/net/http/server.go:2694
2018/12/13 16:34:43.754 [C] [asm_amd64.s:573] /usr/local/go/src/net/http/server.go:1830
2018/12/13 16:34:43.754 [C] [asm_amd64.s:573] /usr/local/go/src/runtime/asm_amd64.s:2361
2018/12/13 16:37:34.041 [C] [asm_amd64.s:573] the request url is  /v1/remoteCmd
2018/12/13 16:37:34.041 [C] [asm_amd64.s:573] Handler crashed with error runtime error: invalid memory address or nil pointer dereference
2018/12/13 16:37:34.041 [C] [asm_amd64.s:573] /usr/local/go/src/runtime/asm_amd64.s:573
2018/12/13 16:37:34.041 [C] [asm_amd64.s:573] /usr/local/go/src/runtime/panic.go:502
2018/12/13 16:37:34.041 [C] [asm_amd64.s:573] /usr/local/go/src/runtime/panic.go:63
2018/12/13 16:37:34.042 [C] [asm_amd64.s:573] /usr/local/go/src/runtime/signal_unix.go:388
2018/12/13 16:37:34.042 [C] [asm_amd64.s:573] /Users/cuihailong/go/src/gatlin/ssh/ssh_exec.go:37
2018/12/13 16:37:34.042 [C] [asm_amd64.s:573] /Users/cuihailong/go/src/gatlin/controllers/remote_cmd.go:19
2018/12/13 16:37:34.042 [C] [asm_amd64.s:573] /Users/cuihailong/go/src/github.com/astaxie/beego/router.go:831
2018/12/13 16:37:34.042 [C] [asm_amd64.s:573] /usr/local/go/src/net/http/server.go:2694
2018/12/13 16:37:34.042 [C] [asm_amd64.s:573] /usr/local/go/src/net/http/server.go:2694
2018/12/13 16:37:34.042 [C] [asm_amd64.s:573] /usr/local/go/src/net/http/server.go:1830
2018/12/13 16:37:34.042 [C] [asm_amd64.s:573] /usr/local/go/src/runtime/asm_amd64.s:2361
2018/12/13 16:37:58.822 [I] [asm_amd64.s:2361] http server Running on http://:8080
2018/12/13 16:38:00.150 [C] [asm_amd64.s:573] the request url is  /v1/remoteCmd
2018/12/13 16:38:00.150 [C] [asm_amd64.s:573] Handler crashed with error runtime error: invalid memory address or nil pointer dereference
2018/12/13 16:38:00.150 [C] [asm_amd64.s:573] /usr/local/go/src/runtime/asm_amd64.s:573
2018/12/13 16:38:00.150 [C] [asm_amd64.s:573] /usr/local/go/src/runtime/panic.go:502
2018/12/13 16:38:00.150 [C] [asm_amd64.s:573] /usr/local/go/src/runtime/panic.go:63
2018/12/13 16:38:00.150 [C] [asm_amd64.s:573] /usr/local/go/src/runtime/signal_unix.go:388
2018/12/13 16:38:00.150 [C] [asm_amd64.s:573] /Users/cuihailong/go/src/gatlin/ssh/ssh_exec.go:37
2018/12/13 16:38:00.150 [C] [asm_amd64.s:573] /Users/cuihailong/go/src/gatlin/controllers/remote_cmd.go:20
2018/12/13 16:38:00.150 [C] [asm_amd64.s:573] /Users/cuihailong/go/src/github.com/astaxie/beego/router.go:831
2018/12/13 16:38:00.150 [C] [asm_amd64.s:573] /usr/local/go/src/net/http/server.go:2694
2018/12/13 16:38:00.150 [C] [asm_amd64.s:573] /usr/local/go/src/net/http/server.go:2694
2018/12/13 16:38:00.150 [C] [asm_amd64.s:573] /usr/local/go/src/net/http/server.go:1830
2018/12/13 16:38:00.150 [C] [asm_amd64.s:573] /usr/local/go/src/runtime/asm_amd64.s:2361
2018/12/13 16:38:28.167 [I] [asm_amd64.s:2361] http server Running on http://:8080
2018/12/13 16:38:28.419 [C] [asm_amd64.s:573] the request url is  /v1/remoteCmd
2018/12/13 16:38:28.419 [C] [asm_amd64.s:573] Handler crashed with error runtime error: invalid memory address or nil pointer dereference
2018/12/13 16:38:28.419 [C] [asm_amd64.s:573] /usr/local/go/src/runtime/asm_amd64.s:573
2018/12/13 16:38:28.419 [C] [asm_amd64.s:573] /usr/local/go/src/runtime/panic.go:502
2018/12/13 16:38:28.419 [C] [asm_amd64.s:573] /usr/local/go/src/runtime/panic.go:63
2018/12/13 16:38:28.419 [C] [asm_amd64.s:573] /usr/local/go/src/runtime/signal_unix.go:388
2018/12/13 16:38:28.419 [C] [asm_amd64.s:573] /Users/cuihailong/go/src/gatlin/ssh/ssh_exec.go:37
2018/12/13 16:38:28.420 [C] [asm_amd64.s:573] /Users/cuihailong/go/src/gatlin/controllers/remote_cmd.go:20
2018/12/13 16:38:28.420 [C] [asm_amd64.s:573] /Users/cuihailong/go/src/github.com/astaxie/beego/router.go:831
2018/12/13 16:38:28.420 [C] [asm_amd64.s:573] /usr/local/go/src/net/http/server.go:2694
2018/12/13 16:38:28.420 [C] [asm_amd64.s:573] /usr/local/go/src/net/http/server.go:2694
2018/12/13 16:38:28.420 [C] [asm_amd64.s:573] /usr/local/go/src/net/http/server.go:1830
2018/12/13 16:38:28.420 [C] [asm_amd64.s:573] /usr/local/go/src/runtime/asm_amd64.s:2361
2018/12/13 16:40:30.489 [I] [asm_amd64.s:2361] http server Running on http://:8080
2018/12/13 16:40:40.648 [C] [asm_amd64.s:573] the request url is  /v1/remoteCmd
2018/12/13 16:40:40.648 [C] [asm_amd64.s:573] Handler crashed with error runtime error: invalid memory address or nil pointer dereference
2018/12/13 16:40:40.648 [C] [asm_amd64.s:573] /usr/local/go/src/runtime/asm_amd64.s:573
2018/12/13 16:40:40.648 [C] [asm_amd64.s:573] /usr/local/go/src/runtime/panic.go:502
2018/12/13 16:40:40.648 [C] [asm_amd64.s:573] /usr/local/go/src/runtime/panic.go:63
2018/12/13 16:40:40.648 [C] [asm_amd64.s:573] /usr/local/go/src/runtime/signal_unix.go:388
2018/12/13 16:40:40.648 [C] [asm_amd64.s:573] /Users/cuihailong/go/src/gatlin/ssh/ssh_exec.go:37
2018/12/13 16:40:40.648 [C] [asm_amd64.s:573] /Users/cuihailong/go/src/gatlin/controllers/remote_cmd.go:19
2018/12/13 16:40:40.648 [C] [asm_amd64.s:573] /Users/cuihailong/go/src/github.com/astaxie/beego/router.go:831
2018/12/13 16:40:40.648 [C] [asm_amd64.s:573] /usr/local/go/src/net/http/server.go:2694
2018/12/13 16:40:40.648 [C] [asm_amd64.s:573] /usr/local/go/src/net/http/server.go:2694
2018/12/13 16:40:40.648 [C] [asm_amd64.s:573] /usr/local/go/src/net/http/server.go:1830
2018/12/13 16:40:40.648 [C] [asm_amd64.s:573] /usr/local/go/src/runtime/asm_amd64.s:2361
2018/12/13 16:41:09.570 [C] [asm_amd64.s:573] the request url is  /v1/remoteCmd
2018/12/13 16:41:09.570 [C] [asm_amd64.s:573] Handler crashed with error runtime error: invalid memory address or nil pointer dereference
2018/12/13 16:41:09.570 [C] [asm_amd64.s:573] /usr/local/go/src/runtime/asm_amd64.s:573
2018/12/13 16:41:09.570 [C] [asm_amd64.s:573] /usr/local/go/src/runtime/panic.go:502
2018/12/13 16:41:09.570 [C] [asm_amd64.s:573] /usr/local/go/src/runtime/panic.go:63
2018/12/13 16:41:09.570 [C] [asm_amd64.s:573] /usr/local/go/src/runtime/signal_unix.go:388
2018/12/13 16:41:09.570 [C] [asm_amd64.s:573] /Users/cuihailong/go/src/gatlin/ssh/ssh_exec.go:37
2018/12/13 16:41:09.570 [C] [asm_amd64.s:573] /Users/cuihailong/go/src/gatlin/controllers/remote_cmd.go:19
2018/12/13 16:41:09.570 [C] [asm_amd64.s:573] /Users/cuihailong/go/src/github.com/astaxie/beego/router.go:831
2018/12/13 16:41:09.571 [C] [asm_amd64.s:573] /usr/local/go/src/net/http/server.go:2694
2018/12/13 16:41:09.571 [C] [asm_amd64.s:573] /usr/local/go/src/net/http/server.go:2694
2018/12/13 16:41:09.571 [C] [asm_amd64.s:573] /usr/local/go/src/net/http/server.go:1830
2018/12/13 16:41:09.571 [C] [asm_amd64.s:573] /usr/local/go/src/runtime/asm_amd64.s:2361
2018/12/13 16:44:57.838 [I] [asm_amd64.s:2361] http server Running on http://:8080
2018/12/13 16:45:22.711 [I] [asm_amd64.s:2361] http server Running on http://:8080
2018/12/13 16:47:09.133 [I] [asm_amd64.s:2361] http server Running on http://:8080
2018/12/13 16:47:27.077 [I] [asm_amd64.s:2361] http server Running on http://:8080
2018/12/13 16:49:04.294 [I] [asm_amd64.s:2361] http server Running on http://:8080
2018/12/13 16:51:46.742 [I] [asm_amd64.s:2361] http server Running on http://:8080
2018/12/13 16:52:17.816 [I] [asm_amd64.s:2361] http server Running on http://:8080
2018/12/13 16:53:10.446 [I] [asm_amd64.s:2361] http server Running on http://:8080
2018/12/13 16:55:16.143 [I] [asm_amd64.s:2361] http server Running on http://:8080
2018/12/13 16:55:27.698 [I] [asm_amd64.s:2361] http server Running on http://:8080
2018/12/13 16:56:01.306 [I] [asm_amd64.s:2361] http server Running on http://:8080
2018/12/13 17:04:27.332 [I] [asm_amd64.s:2361] http server Running on http://:8080
2018/12/13 17:04:45.202 [I] [asm_amd64.s:2361] http server Running on http://:8080
2018/12/13 17:06:20.883 [I] [asm_amd64.s:2361] http server Running on http://:8080
2018/12/13 17:14:08.694 [I] [asm_amd64.s:2361] http server Running on http://:8080
2018/12/13 17:14:31.324 [I] [asm_amd64.s:2361] http server Running on http://:8080
2018/12/13 17:14:56.796 [I] [asm_amd64.s:2361] http server Running on http://:8080
2018/12/13 17:16:20.901 [I] [asm_amd64.s:2361] http server Running on http://:8080
2018/12/13 17:47:41.255 [I] [asm_amd64.s:2361] http server Running on http://:8080
2018/12/13 17:49:32.232 [I] [asm_amd64.s:2361] http server Running on http://:8080
2018/12/13 17:50:05.190 [I] [asm_amd64.s:2361] http server Running on http://:8080
2018/12/13 18:00:25.569 [I] [asm_amd64.s:2361] http server Running on http://:8080
2018/12/13 18:04:51.425 [I] [asm_amd64.s:2361] http server Running on http://:8080
2018/12/13 18:05:31.148 [I] [asm_amd64.s:2361] http server Running on http://:8080
2018/12/13 18:09:41.105 [I] [asm_amd64.s:2361] http server Running on http://:8080
2018/12/13 18:16:20.644 [I] [asm_amd64.s:2361] http server Running on http://:8080
2018/12/13 18:18:02.241 [I] [asm_amd64.s:2361] http server Running on http://:8080
2018/12/13 18:19:01.833 [I] [asm_amd64.s:2361] http server Running on http://:8080
2018/12/13 18:19:34.576 [I] [asm_amd64.s:2361] http server Running on http://:8080
2018/12/13 18:23:10.418 [I] [asm_amd64.s:2361] http server Running on http://:8080
2018/12/13 18:25:05.366 [I] [asm_amd64.s:2361] http server Running on http://:8080
2018/12/13 18:25:46.616 [I] [asm_amd64.s:2361] http server Running on http://:8080
2018/12/13 18:26:14.437 [I] [asm_amd64.s:2361] http server Running on http://:8080
2018/12/13 18:26:27.006 [I] [asm_amd64.s:2361] http server Running on http://:8080
2018/12/13 18:28:27.411 [I] [asm_amd64.s:2361] http server Running on http://:8080
2018/12/13 18:31:14.306 [I] [asm_amd64.s:2361] http server Running on http://:8080
2018/12/13 18:31:45.850 [I] [asm_amd64.s:2361] http server Running on http://:8080
2018/12/13 18:34:16.790 [I] [asm_amd64.s:2361] http server Running on http://:8080
2018/12/13 18:36:08.936 [I] [asm_amd64.s:2361] http server Running on http://:8080
2018/12/13 18:38:06.851 [I] [asm_amd64.s:2361] http server Running on http://:8080
2018/12/13 18:39:16.006 [I] [asm_amd64.s:2361] http server Running on http://:8080
2018/12/13 18:40:07.349 [I] [asm_amd64.s:2361] http server Running on http://:8080
2018/12/13 18:40:52.570 [I] [asm_amd64.s:2361] http server Running on http://:8080
2018/12/13 18:41:44.965 [I] [asm_amd64.s:2361] http server Running on http://:8080
2018/12/13 18:41:57.476 [I] [asm_amd64.s:2361] http server Running on http://:8080
2018/12/13 18:42:38.972 [I] [asm_amd64.s:2361] http server Running on http://:8080
2018/12/13 18:43:02.436 [I] [asm_amd64.s:2361] http server Running on http://:8080
2018/12/13 18:43:29.498 [I] [asm_amd64.s:2361] http server Running on http://:8080
2018/12/13 18:43:38.249 [I] [asm_amd64.s:2361] http server Running on http://:8080
2018/12/13 18:44:07.498 [I] [asm_amd64.s:2361] http server Running on http://:8080
2018/12/13 18:44:31.568 [I] [asm_amd64.s:2361] http server Running on http://:8080
2018/12/13 18:46:41.420 [I] [asm_amd64.s:2361] http server Running on http://:8080
2018/12/13 18:47:09.800 [I] [asm_amd64.s:2361] http server Running on http://:8080
2018/12/13 18:47:11.431 [C] [asm_amd64.s:573] the request url is  /v1/remoteCmd
2018/12/13 18:47:11.432 [C] [asm_amd64.s:573] Handler crashed with error runtime error: invalid memory address or nil pointer dereference
2018/12/13 18:47:11.432 [C] [asm_amd64.s:573] /usr/local/go/src/runtime/asm_amd64.s:573
2018/12/13 18:47:11.432 [C] [asm_amd64.s:573] /usr/local/go/src/runtime/panic.go:502
2018/12/13 18:47:11.432 [C] [asm_amd64.s:573] /usr/local/go/src/runtime/panic.go:63
2018/12/13 18:47:11.432 [C] [asm_amd64.s:573] /usr/local/go/src/runtime/signal_unix.go:388
2018/12/13 18:47:11.432 [C] [asm_amd64.s:573] /Users/cuihailong/go/src/gatlin/controllers/remote_cmd.go:20
2018/12/13 18:47:11.432 [C] [asm_amd64.s:573] /Users/cuihailong/go/src/github.com/astaxie/beego/router.go:831
2018/12/13 18:47:11.432 [C] [asm_amd64.s:573] /usr/local/go/src/net/http/server.go:2694
2018/12/13 18:47:11.432 [C] [asm_amd64.s:573] /usr/local/go/src/net/http/server.go:2694
2018/12/13 18:47:11.432 [C] [asm_amd64.s:573] /usr/local/go/src/net/http/server.go:1830
2018/12/13 18:47:11.432 [C] [asm_amd64.s:573] /usr/local/go/src/runtime/asm_amd64.s:2361
2018/12/13 18:47:59.300 [I] [asm_amd64.s:2361] http server Running on http://:8080
2018/12/13 18:48:01.468 [C] [asm_amd64.s:573] the request url is  /v1/remoteCmd
2018/12/13 18:48:01.468 [C] [asm_amd64.s:573] Handler crashed with error runtime error: invalid memory address or nil pointer dereference
2018/12/13 18:48:01.468 [C] [asm_amd64.s:573] /usr/local/go/src/runtime/asm_amd64.s:573
2018/12/13 18:48:01.468 [C] [asm_amd64.s:573] /usr/local/go/src/runtime/panic.go:502
2018/12/13 18:48:01.468 [C] [asm_amd64.s:573] /usr/local/go/src/runtime/panic.go:63
2018/12/13 18:48:01.468 [C] [asm_amd64.s:573] /usr/local/go/src/runtime/signal_unix.go:388
2018/12/13 18:48:01.468 [C] [asm_amd64.s:573] /Users/cuihailong/go/src/gatlin/controllers/remote_cmd.go:20
2018/12/13 18:48:01.468 [C] [asm_amd64.s:573] /Users/cuihailong/go/src/github.com/astaxie/beego/router.go:831
2018/12/13 18:48:01.468 [C] [asm_amd64.s:573] /usr/local/go/src/net/http/server.go:2694
2018/12/13 18:48:01.468 [C] [asm_amd64.s:573] /usr/local/go/src/net/http/server.go:2694
2018/12/13 18:48:01.468 [C] [asm_amd64.s:573] /usr/local/go/src/net/http/server.go:1830
2018/12/13 18:48:01.469 [C] [asm_amd64.s:573] /usr/local/go/src/runtime/asm_amd64.s:2361
2018/12/13 18:50:10.845 [I] [asm_amd64.s:2361] http server Running on http://:8080
2018/12/13 18:50:23.216 [I] [asm_amd64.s:2361] http server Running on http://:8080
2018/12/13 18:51:35.967 [I] [asm_amd64.s:2361] http server Running on http://:8080
2018/12/13 18:52:08.430 [I] [asm_amd64.s:2361] http server Running on http://:8080
2018/12/13 18:57:39.073 [I] [asm_amd64.s:2361] http server Running on http://:8080
2018/12/13 19:15:39.034 [I] [asm_amd64.s:2361] http server Running on http://:8080
2018/12/13 19:17:21.653 [I] [asm_amd64.s:2361] http server Running on http://:8080
2018/12/13 19:18:46.795 [I] [asm_amd64.s:2361] http server Running on http://:8080
2018/12/13 19:19:22.703 [I] [asm_amd64.s:2361] http server Running on http://:8080
2018/12/13 19:20:16.284 [I] [asm_amd64.s:2361] http server Running on http://:8080
2018/12/13 19:23:50.029 [I] [asm_amd64.s:2361] http server Running on http://:8080
2018/12/13 19:24:16.954 [I] [asm_amd64.s:2361] http server Running on http://:8080
2018/12/13 19:25:57.146 [I] [asm_amd64.s:2361] http server Running on http://:8080
2018/12/13 19:26:53.734 [I] [asm_amd64.s:2361] http server Running on http://:8080
2018/12/14 09:02:31.990 [I] [asm_amd64.s:2361] http server Running on http://:8080
2018/12/14 09:03:27.617 [I] [asm_amd64.s:2361] http server Running on http://:8080
2018/12/14 09:04:40.135 [I] [asm_amd64.s:2361] http server Running on http://:8080
